\BOOKMARK [1][-]{section.1}{Introduction}{}% 1
\BOOKMARK [1][-]{section.2}{Governing\040equations}{}% 2
\BOOKMARK [2][-]{subsection.2.1}{Conservation\040terms}{section.2}% 3
\BOOKMARK [2][-]{subsection.2.2}{The\040equation\040of\040state\040\(EOS\)}{section.2}% 4
\BOOKMARK [2][-]{subsection.2.3}{The\040constitutive\040relation}{section.2}% 5
\BOOKMARK [2][-]{subsection.2.4}{The\040yielding\040condition}{section.2}% 6
\BOOKMARK [1][-]{section.3}{The\040Riemann\040problem}{}% 7
\BOOKMARK [2][-]{subsection.3.1}{Elastic\040state}{section.3}% 8
\BOOKMARK [3][-]{subsubsection.3.1.1}{Jacobian\040matrix\040in\040elastic\040regions}{subsection.3.1}% 9
\BOOKMARK [3][-]{subsubsection.3.1.2}{A\040relation\040between\040\040and\040sxx\040}{subsection.3.1}% 10
\BOOKMARK [3][-]{subsubsection.3.1.3}{Relations\040across\040the\040contact\040wave}{subsection.3.1}% 11
\BOOKMARK [3][-]{subsubsection.3.1.4}{Relations\040across\040rarefaction\040waves}{subsection.3.1}% 12
\BOOKMARK [3][-]{subsubsection.3.1.5}{Relations\040across\040shock\040waves}{subsection.3.1}% 13
\BOOKMARK [2][-]{subsection.3.2}{Plastic\040state}{section.3}% 14
\BOOKMARK [3][-]{subsubsection.3.2.1}{Jacobian\040matrix\040in\040plastic\040regionsCode\040site\040link}{subsection.3.2}% 15
\BOOKMARK [3][-]{subsubsection.3.2.2}{Relations\040across\040the\040contact\040wave}{subsection.3.2}% 16
\BOOKMARK [3][-]{subsubsection.3.2.3}{Relations\040across\040rarefaction\040waves}{subsection.3.2}% 17
\BOOKMARK [3][-]{subsubsection.3.2.4}{Relations\040across\040shock\040waves}{subsection.3.2}% 18
\BOOKMARK [1][-]{section.4}{Exact\040Riemann\040solver\040Code\040site\040link}{}% 19
\BOOKMARK [2][-]{subsection.4.1}{An\040iteration\040process\040of\040*L\040and\040*R}{section.4}% 20
\BOOKMARK [2][-]{subsection.4.2}{Pre-evaluation\040of\040densities}{section.4}% 21
\BOOKMARK [2][-]{subsection.4.3}{Determining\040the\040case\040of\040structures}{section.4}% 22
\BOOKMARK [2][-]{subsection.4.4}{Functions\040of\040the\040pressure,\040derivative\040stress\040and\040velocity}{section.4}% 23
\BOOKMARK [3][-]{subsubsection.4.4.1}{State\040in\040L\(R\)\040in\040cases\040\(c,f\)}{subsection.4.4}% 24
\BOOKMARK [3][-]{subsubsection.4.4.2}{State\040in\040QL\(R\)*}{subsection.4.4}% 25
\BOOKMARK [1][-]{section.5}{Half\040Riemann\040problem\040and\040its\040solver}{}% 26
\BOOKMARK [2][-]{subsection.5.1}{Evaluate\040of\040the\040density\040\040in\040region\040Q*\040}{section.5}% 27
\BOOKMARK [2][-]{subsection.5.2}{Resolve\040the\040state\040in\040region\040Q*}{section.5}% 28
\BOOKMARK [1][-]{section.6}{Numerical\040tests\040}{}% 29
\BOOKMARK [2][-]{subsection.6.1}{Test\0401}{section.6}% 30
\BOOKMARK [2][-]{subsection.6.2}{Test\0402}{section.6}% 31
\BOOKMARK [2][-]{subsection.6.3}{Test\0403}{section.6}% 32
\BOOKMARK [2][-]{subsection.6.4}{Test\0404}{section.6}% 33
\BOOKMARK [2][-]{subsection.6.5}{Test\0405}{section.6}% 34
\BOOKMARK [2][-]{subsection.6.6}{Test\0406}{section.6}% 35
\BOOKMARK [2][-]{subsection.6.7}{Test\0407}{section.6}% 36
\BOOKMARK [2][-]{subsection.6.8}{Test\0408}{section.6}% 37
\BOOKMARK [2][-]{subsection.6.9}{Test\0409}{section.6}% 38
\BOOKMARK [2][-]{subsection.6.10}{Test\04010}{section.6}% 39
