This is XeTeX, Version 3.14159265-2.6-0.99992 (TeX Live 2015/Debian) (preloaded format=xelatex 2019.5.30)  12 JUL 2019 09:50
entering extended mode
 restricted \write18 enabled.
 %&-line parsing enabled.
**Manuscript3.tex
(./Manuscript3.tex
LaTeX2e <2016/02/01>
Babel <3.9q> and hyphenation patterns for 81 language(s) loaded.
(/usr/share/texlive/texmf-dist/tex/latex/base/article.cls
Document Class: article 2014/09/29 v1.4h Standard LaTeX document class
(/usr/share/texlive/texmf-dist/tex/latex/base/size10.clo
File: size10.clo 2014/09/29 v1.4h Standard LaTeX file (size option)
)
\c@part=\count79
\c@section=\count80
\c@subsection=\count81
\c@subsubsection=\count82
\c@paragraph=\count83
\c@subparagraph=\count84
\c@figure=\count85
\c@table=\count86
\abovecaptionskip=\skip41
\belowcaptionskip=\skip42
\bibindent=\dimen102
)
(/usr/share/texlive/texmf-dist/tex/latex/amsfonts/amssymb.sty
Package: amssymb 2013/01/14 v3.01 AMS font symbols

(/usr/share/texlive/texmf-dist/tex/latex/amsfonts/amsfonts.sty
Package: amsfonts 2013/01/14 v3.01 Basic AMSFonts support
\@emptytoks=\toks14
\symAMSa=\mathgroup4
\symAMSb=\mathgroup5
LaTeX Font Info:    Overwriting math alphabet `\mathfrak' in version `bold'
(Font)                  U/euf/m/n --> U/euf/b/n on input line 106.
))
(/usr/share/texlive/texmf-dist/tex/latex/lineno/lineno.sty
Package: lineno 2005/11/02 line numbers on paragraphs v4.41
Invalid UTF-8 byte or sequence at line 296 replaced by U+FFFD.
\linenopenalty=\count87
\output=\toks15
\linenoprevgraf=\count88
\linenumbersep=\dimen103
\linenumberwidth=\dimen104
\c@linenumber=\count89
\c@pagewiselinenumber=\count90
\c@LN@truepage=\count91
\c@internallinenumber=\count92
\c@internallinenumbers=\count93
\quotelinenumbersep=\dimen105
\bframerule=\dimen106
\bframesep=\dimen107
\bframebox=\box26
LaTeX Info: Redefining \\ on input line 3056.
)
(/usr/share/texlive/texmf-dist/tex/latex/graphics/color.sty
Package: color 2016/01/03 v1.1b Standard LaTeX Color (DPC)

(/usr/share/texlive/texmf-dist/tex/latex/latexconfig/color.cfg
File: color.cfg 2007/01/18 v1.5 color configuration of teTeX/TeXLive
)
Package color Info: Driver file: xetex.def on input line 143.

(/usr/share/texlive/texmf-dist/tex/xelatex/xetex-def/xetex.def
File: xetex.def 2015/09/11 v4.06 LaTeX color/graphics driver for XeTeX (TeX Liv
e/RRM/JK)

(/usr/share/texlive/texmf-dist/tex/generic/oberdiek/infwarerr.sty
Package: infwarerr 2010/04/08 v1.3 Providing info/warning/error messages (HO)
)
(/usr/share/texlive/texmf-dist/tex/generic/oberdiek/ltxcmds.sty
Package: ltxcmds 2011/11/09 v1.22 LaTeX kernel commands for general use (HO)
)))
(/usr/share/texlive/texmf-dist/tex/latex/preprint/authblk.sty
Package: authblk 2001/02/27 1.3 (PWD)
\affilsep=\skip43
\@affilsep=\skip44
\c@Maxaffil=\count94
\c@authors=\count95
\c@affil=\count96
)
(/usr/share/texlive/texmf-dist/tex/latex/graphics/graphics.sty
Package: graphics 2016/01/03 v1.0q Standard LaTeX Graphics (DPC,SPQR)

(/usr/share/texlive/texmf-dist/tex/latex/graphics/trig.sty
Package: trig 2016/01/03 v1.10 sin cos tan (DPC)
)
(/usr/share/texlive/texmf-dist/tex/latex/latexconfig/graphics.cfg
File: graphics.cfg 2010/04/23 v1.9 graphics configuration of TeX Live
)
Package graphics Info: Driver file: xetex.def on input line 95.
)
(/usr/share/texlive/texmf-dist/tex/latex/jknapltx/mathrsfs.sty
Package: mathrsfs 1996/01/01 Math RSFS package v1.0 (jk)
\symrsfs=\mathgroup6
)
(/usr/share/texlive/texmf-dist/tex/latex/amsmath/amsmath.sty
Package: amsmath 2016/03/03 v2.15a AMS math features
\@mathmargin=\skip45

For additional information on amsmath, use the `?' option.
(/usr/share/texlive/texmf-dist/tex/latex/amsmath/amstext.sty
Package: amstext 2000/06/29 v2.01 AMS text

(/usr/share/texlive/texmf-dist/tex/latex/amsmath/amsgen.sty
File: amsgen.sty 1999/11/30 v2.0 generic functions
\@emptytoks=\toks16
\ex@=\dimen108
))
(/usr/share/texlive/texmf-dist/tex/latex/amsmath/amsbsy.sty
Package: amsbsy 1999/11/29 v1.2d Bold Symbols
\pmbraise@=\dimen109
)
(/usr/share/texlive/texmf-dist/tex/latex/amsmath/amsopn.sty
Package: amsopn 1999/12/14 v2.01 operator names
)
\inf@bad=\count97
LaTeX Info: Redefining \frac on input line 199.
\uproot@=\count98
\leftroot@=\count99
LaTeX Info: Redefining \overline on input line 297.
\classnum@=\count100
\DOTSCASE@=\count101
LaTeX Info: Redefining \ldots on input line 394.
LaTeX Info: Redefining \dots on input line 397.
LaTeX Info: Redefining \cdots on input line 518.
\Mathstrutbox@=\box27
\strutbox@=\box28
\big@size=\dimen110
LaTeX Font Info:    Redeclaring font encoding OML on input line 630.
LaTeX Font Info:    Redeclaring font encoding OMS on input line 631.
\macc@depth=\count102
\c@MaxMatrixCols=\count103
\dotsspace@=\muskip10
\c@parentequation=\count104
\dspbrk@lvl=\count105
\tag@help=\toks17
\row@=\count106
\column@=\count107
\maxfields@=\count108
\andhelp@=\toks18
\eqnshift@=\dimen111
\alignsep@=\dimen112
\tagshift@=\dimen113
\tagwidth@=\dimen114
\totwidth@=\dimen115
\lineht@=\dimen116
\@envbody=\toks19
\multlinegap=\skip46
\multlinetaggap=\skip47
\mathdisplay@stack=\toks20
LaTeX Info: Redefining \[ on input line 2735.
LaTeX Info: Redefining \] on input line 2736.
)
(/usr/share/texlive/texmf-dist/tex/latex/tools/bm.sty
Package: bm 2014/10/28 v1.1c Bold Symbol Support (DPC/FMi)
\symboldoperators=\mathgroup7
\symboldletters=\mathgroup8
\symboldsymbols=\mathgroup9
LaTeX Font Info:    Redeclaring math alphabet \mathbf on input line 141.
LaTeX Info: Redefining \bm on input line 207.
)
(/usr/share/texlive/texmf-dist/tex/latex/subfigure/subfigure.sty
Package: subfigure 2002/03/15 v2.1.5 subfigure package
\subfigtopskip=\skip48
\subfigcapskip=\skip49
\subfigcaptopadj=\dimen117
\subfigbottomskip=\skip50
\subfigcapmargin=\dimen118
\subfiglabelskip=\skip51
\c@subfigure=\count109
\c@lofdepth=\count110
\c@subtable=\count111
\c@lotdepth=\count112

****************************************
* Local config file subfigure.cfg used *
****************************************
(/usr/share/texlive/texmf-dist/tex/latex/subfigure/subfigure.cfg)
\subfig@top=\skip52
\subfig@bottom=\skip53
)
(/usr/share/texlive/texmf-dist/tex/latex/booktabs/booktabs.sty
Package: booktabs 2005/04/14 v1.61803 publication quality tables
\heavyrulewidth=\dimen119
\lightrulewidth=\dimen120
\cmidrulewidth=\dimen121
\belowrulesep=\dimen122
\belowbottomsep=\dimen123
\aboverulesep=\dimen124
\abovetopsep=\dimen125
\cmidrulesep=\dimen126
\cmidrulekern=\dimen127
\defaultaddspace=\dimen128
\@cmidla=\count113
\@cmidlb=\count114
\@aboverulesep=\dimen129
\@belowrulesep=\dimen130
\@thisruleclass=\count115
\@lastruleclass=\count116
\@thisrulewidth=\dimen131
)
(/usr/share/texlive/texmf-dist/tex/latex/amscls/amsthm.sty
Package: amsthm 2015/03/04 v2.20.2
\thm@style=\toks21
\thm@bodyfont=\toks22
\thm@headfont=\toks23
\thm@notefont=\toks24
\thm@headpunct=\toks25
\thm@preskip=\skip54
\thm@postskip=\skip55
\thm@headsep=\skip56
\dth@everypar=\toks26
)
(/usr/share/texlive/texmf-dist/tex/latex/tools/enumerate.sty
Package: enumerate 2015/07/23 v3.00 enumerate extensions (DPC)
\@enLab=\toks27
)
(/usr/share/texlive/texmf-dist/tex/latex/listings/listings.sty
(/usr/share/texlive/texmf-dist/tex/latex/graphics/keyval.sty
Package: keyval 2014/10/28 v1.15 key=value parser (DPC)
\KV@toks@=\toks28
)
\lst@mode=\count117
\lst@gtempboxa=\box29
\lst@token=\toks29
\lst@length=\count118
\lst@currlwidth=\dimen132
\lst@column=\count119
\lst@pos=\count120
\lst@lostspace=\dimen133
\lst@width=\dimen134
\lst@newlines=\count121
\lst@lineno=\count122
\lst@maxwidth=\dimen135

(/usr/share/texlive/texmf-dist/tex/latex/listings/lstmisc.sty
File: lstmisc.sty 2015/06/04 1.6 (Carsten Heinz)
\c@lstnumber=\count123
\lst@skipnumbers=\count124
\lst@framebox=\box30
)
(/usr/share/texlive/texmf-dist/tex/latex/listings/listings.cfg
File: listings.cfg 2015/06/04 1.6 listings configuration
))
Package: listings 2015/06/04 1.6 (Carsten Heinz)

(/usr/share/texlive/texmf-dist/tex/latex/appendix/appendix.sty
Package: appendix 2009/09/02 v1.2b extra appendix facilities
\c@@pps=\count125
\c@@ppsavesec=\count126
\c@@ppsaveapp=\count127
)
(/usr/share/texlive/texmf-dist/tex/latex/setspace/setspace.sty
Package: setspace 2011/12/19 v6.7a set line spacing
)
(/usr/share/texlive/texmf-dist/tex/latex/multirow/multirow.sty
\bigstrutjot=\dimen136
)
(/usr/share/texlive/texmf-dist/tex/latex/graphics/graphicx.sty
Package: graphicx 2014/10/28 v1.0g Enhanced LaTeX Graphics (DPC,SPQR)
\Gin@req@height=\dimen137
\Gin@req@width=\dimen138
)
(/usr/share/texlive/texmf-dist/tex/latex/geometry/geometry.sty
Package: geometry 2010/09/12 v5.6 Page Geometry

(/usr/share/texlive/texmf-dist/tex/generic/oberdiek/ifpdf.sty
Package: ifpdf 2011/01/30 v2.3 Provides the ifpdf switch (HO)
Package ifpdf Info: pdfTeX in PDF mode is not detected.
)
(/usr/share/texlive/texmf-dist/tex/generic/oberdiek/ifvtex.sty
Package: ifvtex 2010/03/01 v1.5 Detect VTeX and its facilities (HO)
Package ifvtex Info: VTeX not detected.
)
(/usr/share/texlive/texmf-dist/tex/generic/ifxetex/ifxetex.sty
Package: ifxetex 2010/09/12 v0.6 Provides ifxetex conditional
)
\Gm@cnth=\count128
\Gm@cntv=\count129
\c@Gm@tempcnt=\count130
\Gm@bindingoffset=\dimen139
\Gm@wd@mp=\dimen140
\Gm@odd@mp=\dimen141
\Gm@even@mp=\dimen142
\Gm@layoutwidth=\dimen143
\Gm@layoutheight=\dimen144
\Gm@layouthoffset=\dimen145
\Gm@layoutvoffset=\dimen146
\Gm@dimlist=\toks30
)
(./Manuscript3.aux

LaTeX Warning: Label `te2' multiply defined.


LaTeX Warning: Label `fig:case9' multiply defined.

)
\openout1 = `Manuscript3.aux'.

LaTeX Font Info:    Checking defaults for OML/cmm/m/it on input line 29.
LaTeX Font Info:    ... okay on input line 29.
LaTeX Font Info:    Checking defaults for T1/cmr/m/n on input line 29.
LaTeX Font Info:    ... okay on input line 29.
LaTeX Font Info:    Checking defaults for OT1/cmr/m/n on input line 29.
LaTeX Font Info:    ... okay on input line 29.
LaTeX Font Info:    Checking defaults for OMS/cmsy/m/n on input line 29.
LaTeX Font Info:    ... okay on input line 29.
LaTeX Font Info:    Checking defaults for OMX/cmex/m/n on input line 29.
LaTeX Font Info:    ... okay on input line 29.
LaTeX Font Info:    Checking defaults for U/cmr/m/n on input line 29.
LaTeX Font Info:    ... okay on input line 29.
\c@lstlisting=\count131

*geometry* driver: auto-detecting
*geometry* detected driver: xetex
*geometry* verbose mode - [ preamble ] result:
* driver: xetex
* paper: <default>
* layout: <same size as paper>
* layoutoffset:(h,v)=(0.0pt,0.0pt)
* modes: 
* h-part:(L,W,R)=(71.13188pt, 472.03123pt, 71.13188pt)
* v-part:(T,H,B)=(71.13188pt, 652.70622pt, 71.13188pt)
* \paperwidth=614.295pt
* \paperheight=794.96999pt
* \textwidth=472.03123pt
* \textheight=652.70622pt
* \oddsidemargin=-1.1381pt
* \evensidemargin=-1.1381pt
* \topmargin=-38.1381pt
* \headheight=12.0pt
* \headsep=25.0pt
* \topskip=10.0pt
* \footskip=30.0pt
* \marginparwidth=65.0pt
* \marginparsep=11.0pt
* \columnsep=10.0pt
* \skip\footins=9.0pt plus 4.0pt minus 2.0pt
* \hoffset=0.0pt
* \voffset=0.0pt
* \mag=1000
* \@twocolumnfalse
* \@twosidefalse
* \@mparswitchfalse
* \@reversemarginfalse
* (1in=72.27pt=25.4mm, 1cm=28.453pt)

LaTeX Font Info:    Try loading font information for U+msa on input line 37.
(/usr/share/texlive/texmf-dist/tex/latex/amsfonts/umsa.fd
File: umsa.fd 2013/01/14 v3.01 AMS symbols A
)
LaTeX Font Info:    Try loading font information for U+msb on input line 37.

(/usr/share/texlive/texmf-dist/tex/latex/amsfonts/umsb.fd
File: umsb.fd 2013/01/14 v3.01 AMS symbols B
)
LaTeX Font Info:    Try loading font information for U+rsfs on input line 37.

(/usr/share/texlive/texmf-dist/tex/latex/jknapltx/ursfs.fd
File: ursfs.fd 1998/03/24 rsfs font definition file (jk)
)

LaTeX Warning: Citation `wilkins1963calculation' on page 1 undefined on input l
ine 53.


LaTeX Warning: Citation `wilkins1963calculation' on page 1 undefined on input l
ine 55.


LaTeX Warning: Citation `gavrilyuk2008modelling' on page 1 undefined on input l
ine 59.


LaTeX Warning: Citation `cheng2015high' on page 1 undefined on input line 59.


LaTeX Warning: Citation `cheng2016harten' on page 1 undefined on input line 59.



LaTeX Warning: Citation `liumulti' on page 1 undefined on input line 59.


LaTeX Warning: Citation `garaizar1991solution' on page 1 undefined on input lin
e 61.


LaTeX Warning: Citation `miller2004iterative' on page 1 undefined on input line
 61.


LaTeX Warning: Citation `gao20171d' on page 1 undefined on input line 61.


LaTeX Warning: Citation `gao2018complete' on page 1 undefined on input line 61.


[1

]

LaTeX Warning: Citation `maire2013nominally' on page 2 undefined on input line 
98.


LaTeX Warning: Citation `gavrilyuk2008modelling' on page 2 undefined on input l
ine 98.

[2] [3] [4] [5] [6] [7] [8] [9]

LaTeX Warning: Reference `sec:riemann' on page 10 undefined on input line 687.


Overfull \hbox (7.52794pt too wide) in paragraph at lines 696--696
[]\OT1/cmr/m/n/8 (a)
 []


Overfull \hbox (15.24472pt too wide) in paragraph at lines 696--696
\OT1/cmr/m/n/8 Elas-
 []


Overfull \hbox (6.11125pt too wide) in paragraph at lines 696--696
\OT1/cmr/m/n/8 tic
 []


Overfull \hbox (10.3752pt too wide) in paragraph at lines 696--696
\OT1/cmr/m/n/8 rar-
 []


Overfull \hbox (13.90303pt too wide) in paragraph at lines 696--696
\OT1/cmr/m/n/8 efac-
 []


Overfull \hbox (11.30577pt too wide) in paragraph at lines 696--696
\OT1/cmr/m/n/8 tion
 []


Overfull \hbox (14.61137pt too wide) in paragraph at lines 696--696
\OT1/cmr/m/n/8 wave
 []


Overfull \hbox (15.94875pt too wide) in paragraph at lines 696--696
\OT1/cmr/m/n/8 ($\OML/cmm/m/it/8 R[]$\OT1/cmr/m/n/8 ) 
 []


Overfull \hbox (8.00017pt too wide) in paragraph at lines 700--700
[]\OT1/cmr/m/n/8 (b)
 []


Overfull \hbox (15.24472pt too wide) in paragraph at lines 700--700
\OT1/cmr/m/n/8 Plas-
 []


Overfull \hbox (6.11125pt too wide) in paragraph at lines 700--700
\OT1/cmr/m/n/8 tic
 []


Overfull \hbox (10.3752pt too wide) in paragraph at lines 700--700
\OT1/cmr/m/n/8 rar-
 []


Overfull \hbox (13.90303pt too wide) in paragraph at lines 700--700
\OT1/cmr/m/n/8 efac-
 []


Overfull \hbox (11.30577pt too wide) in paragraph at lines 700--700
\OT1/cmr/m/n/8 tion
 []


Overfull \hbox (14.61137pt too wide) in paragraph at lines 700--700
\OT1/cmr/m/n/8 wave
 []


Overfull \hbox (15.88138pt too wide) in paragraph at lines 700--700
\OT1/cmr/m/n/8 ($\OML/cmm/m/it/8 R[]$\OT1/cmr/m/n/8 ) 
 []


Overfull \hbox (7.05571pt too wide) in paragraph at lines 704--704
[]\OT1/cmr/m/n/8 (c)
 []


Overfull \hbox (14.96138pt too wide) in paragraph at lines 704--704
\OT1/cmr/m/n/8 Both
 []


Overfull \hbox (13.24191pt too wide) in paragraph at lines 704--704
\OT1/cmr/m/n/8 elas-
 []


Overfull \hbox (6.11125pt too wide) in paragraph at lines 704--704
\OT1/cmr/m/n/8 tic
 []


Overfull \hbox (10.36131pt too wide) in paragraph at lines 704--704
\OT1/cmr/m/n/8 and
 []


Overfull \hbox (14.18637pt too wide) in paragraph at lines 704--704
\OT1/cmr/m/n/8 plas-
 []


Overfull \hbox (6.11125pt too wide) in paragraph at lines 704--704
\OT1/cmr/m/n/8 tic
 []


Overfull \hbox (10.3752pt too wide) in paragraph at lines 704--704
\OT1/cmr/m/n/8 rar-
 []


Overfull \hbox (13.90303pt too wide) in paragraph at lines 704--704
\OT1/cmr/m/n/8 efac-
 []


Overfull \hbox (11.30577pt too wide) in paragraph at lines 704--704
\OT1/cmr/m/n/8 tion
 []


Overfull \hbox (17.9642pt too wide) in paragraph at lines 704--704
\OT1/cmr/m/n/8 waves
 []


Overfull \hbox (28.55225pt too wide) in paragraph at lines 704--704
\OT1/cmr/m/n/8 ($\OML/cmm/m/it/8 R[]R[]$\OT1/cmr/m/n/8 ) 
 []


Overfull \hbox (8.00017pt too wide) in paragraph at lines 708--708
[]\OT1/cmr/m/n/8 (d)
 []


Overfull \hbox (15.24472pt too wide) in paragraph at lines 708--708
\OT1/cmr/m/n/8 Elas-
 []


Overfull \hbox (6.11125pt too wide) in paragraph at lines 708--708
\OT1/cmr/m/n/8 tic
 []


Overfull \hbox (17.25586pt too wide) in paragraph at lines 708--708
\OT1/cmr/m/n/8 shock
 []


Overfull \hbox (14.61137pt too wide) in paragraph at lines 708--708
\OT1/cmr/m/n/8 wave
 []


Overfull \hbox (15.11401pt too wide) in paragraph at lines 708--708
\OT1/cmr/m/n/8 ($\OML/cmm/m/it/8 S[]$\OT1/cmr/m/n/8 ) 
 []


Overfull \hbox (7.05571pt too wide) in paragraph at lines 712--712
[]\OT1/cmr/m/n/8 (e)
 []


Overfull \hbox (15.24472pt too wide) in paragraph at lines 712--712
\OT1/cmr/m/n/8 Plas-
 []


Overfull \hbox (6.11125pt too wide) in paragraph at lines 712--712
\OT1/cmr/m/n/8 tic
 []


Overfull \hbox (17.25586pt too wide) in paragraph at lines 712--712
\OT1/cmr/m/n/8 shock
 []


Overfull \hbox (14.61137pt too wide) in paragraph at lines 712--712
\OT1/cmr/m/n/8 wave
 []


Overfull \hbox (15.88138pt too wide) in paragraph at lines 712--712
\OT1/cmr/m/n/8 ($\OML/cmm/m/it/8 R[]$\OT1/cmr/m/n/8 ) 
 []


Overfull \hbox (6.50708pt too wide) in paragraph at lines 716--716
[]\OT1/cmr/m/n/8 (f)
 []


Overfull \hbox (14.96138pt too wide) in paragraph at lines 716--716
\OT1/cmr/m/n/8 Both
 []


Overfull \hbox (13.24191pt too wide) in paragraph at lines 716--716
\OT1/cmr/m/n/8 elas-
 []


Overfull \hbox (6.11125pt too wide) in paragraph at lines 716--716
\OT1/cmr/m/n/8 tic
 []


Overfull \hbox (10.36131pt too wide) in paragraph at lines 716--716
\OT1/cmr/m/n/8 and
 []


Overfull \hbox (14.18637pt too wide) in paragraph at lines 716--716
\OT1/cmr/m/n/8 plas-
 []


Overfull \hbox (6.11125pt too wide) in paragraph at lines 716--716
\OT1/cmr/m/n/8 tic
 []


Overfull \hbox (17.25586pt too wide) in paragraph at lines 716--716
\OT1/cmr/m/n/8 shock
 []


Overfull \hbox (17.9642pt too wide) in paragraph at lines 716--716
\OT1/cmr/m/n/8 waves
 []


Overfull \hbox (26.88278pt too wide) in paragraph at lines 716--716
\OT1/cmr/m/n/8 ($\OML/cmm/m/it/8 S[]S[]$\OT1/cmr/m/n/8 ) 
 []

[10] [11] [12] [13] [14] [15]

LaTeX Warning: Citation `liumulti' on page 16 undefined on input line 1406.


Overfull \hbox (1.36064pt too wide) in paragraph at lines 1409--1411
\OT1/cmr/m/n/10 con-sti-tu-tive model for alu-minum and cop-per are $(\OML/cmm/
m/it/10 ^^Z[]; a[]; \OT1/cmr/m/n/10 ^^@[]\OML/cmm/m/it/10 ; s; ^^V\OT1/cmr/m/n/
10 )[] = (8930[]\OML/cmm/m/it/10 =[][]; \OT1/cmr/m/n/10 3940[]\OML/cmm/m/it/10 
=[]; \OT1/cmr/m/n/10 2\OML/cmm/m/it/10 ; \OT1/cmr/m/n/10 1\OML/cmm/m/it/10 :\OT
1/cmr/m/n/10 49\OML/cmm/m/it/10 ; \OT1/cmr/m/n/10 2\OML/cmm/m/it/10 :\OT1/cmr/m
/n/10 76\OML/cmm/m/it/10 ; \OT1/cmr/m/n/10 2\OML/cmm/m/it/10 :\OT1/cmr/m/n/10 7
6 \OMS/cmsy/m/n/10 ^^B
 []

File: Picture/case1rho.pdf Graphic file (type QTm)
<use  "Picture/case1rho.pdf" >
File: Picture/case1u.pdf Graphic file (type QTm)
 <use  "Picture/case1u.pdf" >
File: Picture/case1p.pdf Graphic file (type QTm)

<use  "Picture/case1p.pdf" >
File: Picture/case1sigma.pdf Graphic file (type QTm)
 <use  "Picture/case1sigma.pdf" >
File: Picture/case2rho.pdf Graphic file (type QTm)

<use  "Picture/case2rho.pdf" >
File: Picture/case2u.pdf Graphic file (type QTm)
 <use  "Picture/case2u.pdf" >
File: Picture/case2p.pdf Graphic file (type QTm)

<use  "Picture/case2p.pdf" >
File: Picture/case2sxx.pdf Graphic file (type QTm)
 <use  "Picture/case2sxx.pdf" > [16]
File: Picture/case4rho.pdf Graphic file (type QTm)

<use  "Picture/case4rho.pdf" >
File: Picture/case4u.pdf Graphic file (type QTm)
 <use  "Picture/case4u.pdf" >
File: Picture/case4p.pdf Graphic file (type QTm)

<use  "Picture/case4p.pdf" >
File: Picture/case4sxx.pdf Graphic file (type QTm)
 <use  "Picture/case4sxx.pdf" >
File: Picture/case3rho.pdf Graphic file (type QTm)

<use  "Picture/case3rho.pdf" >
File: Picture/case3u.pdf Graphic file (type QTm)
 <use  "Picture/case3u.pdf" >
File: Picture/case3p.pdf Graphic file (type QTm)

<use  "Picture/case3p.pdf" >
File: Picture/case3sxx.pdf Graphic file (type QTm)
 <use  "Picture/case3sxx.pdf" > [17] [18]
File: Picture/case5rho.pdf Graphic file (type QTm)

<use  "Picture/case5rho.pdf" >
File: Picture/case5u.pdf Graphic file (type QTm)
 <use  "Picture/case5u.pdf" >
File: Picture/case5p.pdf Graphic file (type QTm)

<use  "Picture/case5p.pdf" >
File: Picture/case5sxx.pdf Graphic file (type QTm)
 <use  "Picture/case5sxx.pdf" > [19]
File: Picture/case9rho.pdf Graphic file (type QTm)

<use  "Picture/case9rho.pdf" >
File: Picture/case9u.pdf Graphic file (type QTm)
 <use  "Picture/case9u.pdf" >
File: Picture/case9p.pdf Graphic file (type QTm)

<use  "Picture/case9p.pdf" >
File: Picture/case9sxx.pdf Graphic file (type QTm)
 <use  "Picture/case9sxx.pdf" >
File: Picture/case6rho.pdf Graphic file (type QTm)

<use  "Picture/case6rho.pdf" >
File: Picture/case6u.pdf Graphic file (type QTm)
 <use  "Picture/case6u.pdf" >
File: Picture/case6p.pdf Graphic file (type QTm)

<use  "Picture/case6p.pdf" >
File: Picture/case6sigma.pdf Graphic file (type QTm)
 <use  "Picture/case6sigma.pdf" > [20] [21]
File: Picture/case8rho.pdf Graphic file (type QTm)

<use  "Picture/case8rho.pdf" >
File: Picture/case8u.pdf Graphic file (type QTm)
 <use  "Picture/case8u.pdf" >
File: Picture/case8p.pdf Graphic file (type QTm)

<use  "Picture/case8p.pdf" >
File: Picture/case8sigma.pdf Graphic file (type QTm)
 <use  "Picture/case8sigma.pdf" >
File: Picture/case10rho.pdf Graphic file (type QTm)

<use  "Picture/case10rho.pdf" >
File: Picture/case10u.pdf Graphic file (type QTm)
 <use  "Picture/case10u.pdf" >
File: Picture/case10p.pdf Graphic file (type QTm)

<use  "Picture/case10p.pdf" >
File: Picture/case10sxx.pdf Graphic file (type QTm)
 <use  "Picture/case10sxx.pdf" >
File: Picture/case11rho.pdf Graphic file (type QTm)

<use  "Picture/case11rho.pdf" >
File: Picture/case11u.pdf Graphic file (type QTm)
 <use  "Picture/case11u.pdf" >
File: Picture/case11p.pdf Graphic file (type QTm)

<use  "Picture/case11p.pdf" >
File: Picture/case11sigma.pdf Graphic file (type QTm)
 <use  "Picture/case11sigma.pdf" > [22] [23]
Overfull \hbox (11.84001pt too wide) in paragraph at lines 1662--1663
\OT1/cmr/m/n/10 This work was sup-ported by NSFC(Grant No. 11672047) and Sci-en
ce Chal-lenge Project (Grant No. TZ2016002). 
 []

No file Manuscript3.bbl.
[24] [25] (./Manuscript3.aux)

LaTeX Warning: There were undefined references.


LaTeX Warning: There were multiply-defined labels.

 ) 
Here is how much of TeX's memory you used:
 4455 strings out of 493638
 59860 string characters out of 6146796
 130597 words of memory out of 5000000
 7724 multiletter control sequences out of 15000+600000
 18715 words of font info for 71 fonts, out of 8000000 for 9000
 1328 hyphenation exceptions out of 8191
 27i,17n,32p,1856b,268s stack positions out of 5000i,500n,10000p,200000b,80000s

Output written on Manuscript3.pdf (25 pages).
