This is XeTeX, Version 3.14159265-2.6-0.99998 (TeX Live 2017/Debian) (preloaded format=xelatex 2018.11.1)  2 JUN 2019 23:22
entering extended mode
 restricted \write18 enabled.
 %&-line parsing enabled.
**Manuscript.tex
(./Manuscript.tex
LaTeX2e <2017-04-15>
Babel <3.18> and hyphenation patterns for 26 language(s) loaded.
(./elsarticle.cls
Document Class: elsarticle 2009/09/17, 1.20b: Elsevier Ltd
\@bls=\dimen102
(/usr/share/texlive/texmf-dist/tex/latex/base/article.cls
Document Class: article 2014/09/29 v1.4h Standard LaTeX document class
(/usr/share/texlive/texmf-dist/tex/latex/base/size10.clo
File: size10.clo 2014/09/29 v1.4h Standard LaTeX file (size option)
)
\c@part=\count79
\c@section=\count80
\c@subsection=\count81
\c@subsubsection=\count82
\c@paragraph=\count83
\c@subparagraph=\count84
\c@figure=\count85
\c@table=\count86
\abovecaptionskip=\skip41
\belowcaptionskip=\skip42
\bibindent=\dimen103
)
(/usr/share/texlive/texmf-dist/tex/latex/graphics/graphicx.sty
Package: graphicx 2017/06/01 v1.1a Enhanced LaTeX Graphics (DPC,SPQR)

(/usr/share/texlive/texmf-dist/tex/latex/graphics/keyval.sty
Package: keyval 2014/10/28 v1.15 key=value parser (DPC)
\KV@toks@=\toks14
)
(/usr/share/texlive/texmf-dist/tex/latex/graphics/graphics.sty
Package: graphics 2017/06/25 v1.2c Standard LaTeX Graphics (DPC,SPQR)

(/usr/share/texlive/texmf-dist/tex/latex/graphics/trig.sty
Package: trig 2016/01/03 v1.10 sin cos tan (DPC)
)
(/usr/share/texlive/texmf-dist/tex/latex/graphics-cfg/graphics.cfg
File: graphics.cfg 2016/06/04 v1.11 sample graphics configuration
)
Package graphics Info: Driver file: xetex.def on input line 99.

(/usr/share/texlive/texmf-dist/tex/latex/graphics-def/xetex.def
File: xetex.def 2017/06/24 v5.0h Graphics/color driver for xetex
))
\Gin@req@height=\dimen104
\Gin@req@width=\dimen105
)
(/usr/share/texlive/texmf-dist/tex/latex/psnfss/pifont.sty
Package: pifont 2005/04/12 PSNFSS-v9.2a Pi font support (SPQR) 
LaTeX Font Info:    Try loading font information for U+pzd on input line 63.

(/usr/share/texlive/texmf-dist/tex/latex/psnfss/upzd.fd
File: upzd.fd 2001/06/04 font definitions for U/pzd.
)
LaTeX Font Info:    Try loading font information for U+psy on input line 64.

(/usr/share/texlive/texmf-dist/tex/latex/psnfss/upsy.fd
File: upsy.fd 2001/06/04 font definitions for U/psy.
))
\c@tnote=\count87
\c@fnote=\count88
\c@cnote=\count89
\c@ead=\count90
\c@author=\count91
\@eadauthor=\toks15
\c@affn=\count92
\absbox=\box26
\keybox=\box27
\Columnwidth=\dimen106
\space@left=\dimen107
\els@boxa=\box28
\els@boxb=\box29
\leftMargin=\dimen108
\@enLab=\toks16
\@sep=\skip43
\@@sep=\skip44
 (./Manuscript.spl)
(/usr/share/texlive/texmf-dist/tex/latex/natbib/natbib.sty
Package: natbib 2010/09/13 8.31b (PWD, AO)
\bibhang=\skip45
\bibsep=\skip46
LaTeX Info: Redefining \cite on input line 694.
\c@NAT@ctr=\count93
)
\splwrite=\write3
\openout3 = `Manuscript.spl'.

\appnamewidth=\dimen109
)
(/usr/share/texlive/texmf-dist/tex/latex/amsfonts/amssymb.sty
Package: amssymb 2013/01/14 v3.01 AMS font symbols

(/usr/share/texlive/texmf-dist/tex/latex/amsfonts/amsfonts.sty
Package: amsfonts 2013/01/14 v3.01 Basic AMSFonts support
\@emptytoks=\toks17
\symAMSa=\mathgroup4
\symAMSb=\mathgroup5
LaTeX Font Info:    Overwriting math alphabet `\mathfrak' in version `bold'
(Font)                  U/euf/m/n --> U/euf/b/n on input line 106.
))
(/usr/share/texlive/texmf-dist/tex/latex/amsmath/amsmath.sty
Package: amsmath 2017/09/02 v2.17a AMS math features
\@mathmargin=\skip47

For additional information on amsmath, use the `?' option.
(/usr/share/texlive/texmf-dist/tex/latex/amsmath/amstext.sty
Package: amstext 2000/06/29 v2.01 AMS text

(/usr/share/texlive/texmf-dist/tex/latex/amsmath/amsgen.sty
File: amsgen.sty 1999/11/30 v2.0 generic functions
\@emptytoks=\toks18
\ex@=\dimen110
))
(/usr/share/texlive/texmf-dist/tex/latex/amsmath/amsbsy.sty
Package: amsbsy 1999/11/29 v1.2d Bold Symbols
\pmbraise@=\dimen111
)
(/usr/share/texlive/texmf-dist/tex/latex/amsmath/amsopn.sty
Package: amsopn 2016/03/08 v2.02 operator names
)
\inf@bad=\count94
LaTeX Info: Redefining \frac on input line 213.
\uproot@=\count95
\leftroot@=\count96
LaTeX Info: Redefining \overline on input line 375.
\classnum@=\count97
\DOTSCASE@=\count98
LaTeX Info: Redefining \ldots on input line 472.
LaTeX Info: Redefining \dots on input line 475.
LaTeX Info: Redefining \cdots on input line 596.
\Mathstrutbox@=\box30
\strutbox@=\box31
\big@size=\dimen112
LaTeX Font Info:    Redeclaring font encoding OML on input line 712.
LaTeX Font Info:    Redeclaring font encoding OMS on input line 713.
\macc@depth=\count99
\c@MaxMatrixCols=\count100
\dotsspace@=\muskip10
\c@parentequation=\count101
\dspbrk@lvl=\count102
\tag@help=\toks19
\row@=\count103
\column@=\count104
\maxfields@=\count105
\andhelp@=\toks20
\eqnshift@=\dimen113
\alignsep@=\dimen114
\tagshift@=\dimen115
\tagwidth@=\dimen116
\totwidth@=\dimen117
\lineht@=\dimen118
\@envbody=\toks21
\multlinegap=\skip48
\multlinetaggap=\skip49
\mathdisplay@stack=\toks22
LaTeX Info: Redefining \[ on input line 2817.
LaTeX Info: Redefining \] on input line 2818.
)
(/usr/share/texlive/texmf-dist/tex/latex/graphics/color.sty
Package: color 2016/07/10 v1.1e Standard LaTeX Color (DPC)

(/usr/share/texlive/texmf-dist/tex/latex/graphics-cfg/color.cfg
File: color.cfg 2016/01/02 v1.6 sample color configuration
)
Package color Info: Driver file: xetex.def on input line 147.
)
(/usr/share/texlive/texmf-dist/tex/latex/preprint/authblk.sty
Package: authblk 2001/02/27 1.3 (PWD)
\affilsep=\skip50
\@affilsep=\skip51
\c@Maxaffil=\count106
\c@authors=\count107
\c@affil=\count108

! Argument of \@author has an extra }.
<inserted text> 
                \par 
l.113 ...f\AB@author{\noexpand\AB@blk@and\@author}
                                                  
? 
Runaway argument?
! Paragraph ended before \@author was complete.
<to be read again> 
                   \par 
l.113 ...f\AB@author{\noexpand\AB@blk@and\@author}
                                                  
? 
) (/usr/share/texlive/texmf-dist/tex/latex/jknapltx/mathrsfs.sty
Package: mathrsfs 1996/01/01 Math RSFS package v1.0 (jk)
\symrsfs=\mathgroup6
)
(/usr/share/texlive/texmf-dist/tex/latex/tools/bm.sty
Package: bm 2017/01/16 v1.2c Bold Symbol Support (DPC/FMi)
\symboldoperators=\mathgroup7
\symboldletters=\mathgroup8
\symboldsymbols=\mathgroup9
LaTeX Font Info:    Redeclaring math alphabet \mathbf on input line 141.
LaTeX Info: Redefining \bm on input line 207.
)
(/usr/share/texlive/texmf-dist/tex/latex/subfigure/subfigure.sty
Package: subfigure 2002/03/15 v2.1.5 subfigure package
\subfigtopskip=\skip52
\subfigcapskip=\skip53
\subfigcaptopadj=\dimen119
\subfigbottomskip=\skip54
\subfigcapmargin=\dimen120
\subfiglabelskip=\skip55
\c@subfigure=\count109
\c@lofdepth=\count110
\c@subtable=\count111
\c@lotdepth=\count112

****************************************
* Local config file subfigure.cfg used *
****************************************
(/usr/share/texlive/texmf-dist/tex/latex/subfigure/subfigure.cfg)
\subfig@top=\skip56
\subfig@bottom=\skip57
)
(/usr/share/texlive/texmf-dist/tex/latex/booktabs/booktabs.sty
Package: booktabs 2016/04/27 v1.618033 publication quality tables
\heavyrulewidth=\dimen121
\lightrulewidth=\dimen122
\cmidrulewidth=\dimen123
\belowrulesep=\dimen124
\belowbottomsep=\dimen125
\aboverulesep=\dimen126
\abovetopsep=\dimen127
\cmidrulesep=\dimen128
\cmidrulekern=\dimen129
\defaultaddspace=\dimen130
\@cmidla=\count113
\@cmidlb=\count114
\@aboverulesep=\dimen131
\@belowrulesep=\dimen132
\@thisruleclass=\count115
\@lastruleclass=\count116
\@thisrulewidth=\dimen133
)
(/usr/share/texlive/texmf-dist/tex/latex/amscls/amsthm.sty
Package: amsthm 2017/10/31 v2.20.4
\thm@style=\toks23
\thm@bodyfont=\toks24
\thm@headfont=\toks25
\thm@notefont=\toks26
\thm@headpunct=\toks27
\thm@preskip=\skip58
\thm@postskip=\skip59
\thm@headsep=\skip60
\dth@everypar=\toks28
LaTeX Info: Redefining \qed on input line 274.
)
(/usr/share/texlive/texmf-dist/tex/latex/tools/enumerate.sty
Package: enumerate 2015/07/23 v3.00 enumerate extensions (DPC)
\@enLab=\toks29
)
(/usr/share/texlive/texmf-dist/tex/latex/listings/listings.sty
\lst@mode=\count117
\lst@gtempboxa=\box32
\lst@token=\toks30
\lst@length=\count118
\lst@currlwidth=\dimen134
\lst@column=\count119
\lst@pos=\count120
\lst@lostspace=\dimen135
\lst@width=\dimen136
\lst@newlines=\count121
\lst@lineno=\count122
\lst@maxwidth=\dimen137

(/usr/share/texlive/texmf-dist/tex/latex/listings/lstmisc.sty
File: lstmisc.sty 2015/06/04 1.6 (Carsten Heinz)
\c@lstnumber=\count123
\lst@skipnumbers=\count124
\lst@framebox=\box33
)
(/usr/share/texlive/texmf-dist/tex/latex/listings/listings.cfg
File: listings.cfg 2015/06/04 1.6 listings configuration
))
Package: listings 2015/06/04 1.6 (Carsten Heinz)

(/usr/share/texlive/texmf-dist/tex/latex/setspace/setspace.sty
Package: setspace 2011/12/19 v6.7a set line spacing
)
(/usr/share/texlive/texmf-dist/tex/latex/hyperref/hyperref.sty
Package: hyperref 2018/02/06 v6.86b Hypertext links for LaTeX

(/usr/share/texlive/texmf-dist/tex/generic/oberdiek/hobsub-hyperref.sty
Package: hobsub-hyperref 2016/05/16 v1.14 Bundle oberdiek, subset hyperref (HO)


(/usr/share/texlive/texmf-dist/tex/generic/oberdiek/hobsub-generic.sty
Package: hobsub-generic 2016/05/16 v1.14 Bundle oberdiek, subset generic (HO)
Package: hobsub 2016/05/16 v1.14 Construct package bundles (HO)
Package: infwarerr 2016/05/16 v1.4 Providing info/warning/error messages (HO)
Package: ltxcmds 2016/05/16 v1.23 LaTeX kernel commands for general use (HO)
Package: ifluatex 2016/05/16 v1.4 Provides the ifluatex switch (HO)
Package ifluatex Info: LuaTeX not detected.
Package: ifvtex 2016/05/16 v1.6 Detect VTeX and its facilities (HO)
Package ifvtex Info: VTeX not detected.
Package: intcalc 2016/05/16 v1.2 Expandable calculations with integers (HO)
Package: ifpdf 2017/03/15 v3.2 Provides the ifpdf switch
Package: etexcmds 2016/05/16 v1.6 Avoid name clashes with e-TeX commands (HO)
Package etexcmds Info: Could not find \expanded.
(etexcmds)             That can mean that you are not using pdfTeX 1.50 or
(etexcmds)             that some package has redefined \expanded.
(etexcmds)             In the latter case, load this package earlier.
Package: kvsetkeys 2016/05/16 v1.17 Key value parser (HO)
Package: kvdefinekeys 2016/05/16 v1.4 Define keys (HO)
Package: pdftexcmds 2018/01/21 v0.26 Utility functions of pdfTeX for LuaTeX (HO
)
Package pdftexcmds Info: LuaTeX not detected.
Package pdftexcmds Info: pdfTeX >= 1.30 not detected.
Package pdftexcmds Info: \pdf@primitive is available.
Package pdftexcmds Info: \pdf@ifprimitive is available.
Package pdftexcmds Info: \pdfdraftmode not found.
Package: pdfescape 2016/05/16 v1.14 Implements pdfTeX's escape features (HO)
Package: bigintcalc 2016/05/16 v1.4 Expandable calculations on big integers (HO
)
Package: bitset 2016/05/16 v1.2 Handle bit-vector datatype (HO)
Package: uniquecounter 2016/05/16 v1.3 Provide unlimited unique counter (HO)
)
Package hobsub Info: Skipping package `hobsub' (already loaded).
Package: letltxmacro 2016/05/16 v1.5 Let assignment for LaTeX macros (HO)
Package: hopatch 2016/05/16 v1.3 Wrapper for package hooks (HO)
Package: xcolor-patch 2016/05/16 xcolor patch
Package: atveryend 2016/05/16 v1.9 Hooks at the very end of document (HO)
Package atveryend Info: \enddocument detected (standard20110627).
Package: atbegshi 2016/06/09 v1.18 At begin shipout hook (HO)
Package: refcount 2016/05/16 v3.5 Data extraction from label references (HO)
Package: hycolor 2016/05/16 v1.8 Color options for hyperref/bookmark (HO)
)
(/usr/share/texlive/texmf-dist/tex/generic/ifxetex/ifxetex.sty
Package: ifxetex 2010/09/12 v0.6 Provides ifxetex conditional
)
(/usr/share/texlive/texmf-dist/tex/latex/oberdiek/auxhook.sty
Package: auxhook 2016/05/16 v1.4 Hooks for auxiliary files (HO)
)
(/usr/share/texlive/texmf-dist/tex/latex/oberdiek/kvoptions.sty
Package: kvoptions 2016/05/16 v3.12 Key value format for package options (HO)
)
\@linkdim=\dimen138
\Hy@linkcounter=\count125
\Hy@pagecounter=\count126

(/usr/share/texlive/texmf-dist/tex/latex/hyperref/pd1enc.def
File: pd1enc.def 2018/02/06 v6.86b Hyperref: PDFDocEncoding definition (HO)
)
\Hy@SavedSpaceFactor=\count127

(/usr/share/texlive/texmf-dist/tex/latex/latexconfig/hyperref.cfg
File: hyperref.cfg 2002/06/06 v1.2 hyperref configuration of TeXLive
)
Package hyperref Info: Hyper figures OFF on input line 4509.
Package hyperref Info: Link nesting OFF on input line 4514.
Package hyperref Info: Hyper index ON on input line 4517.
Package hyperref Info: Plain pages OFF on input line 4524.
Package hyperref Info: Backreferencing OFF on input line 4529.
Package hyperref Info: Implicit mode ON; LaTeX internals redefined.
Package hyperref Info: Bookmarks ON on input line 4762.
\c@Hy@tempcnt=\count128

(/usr/share/texlive/texmf-dist/tex/latex/url/url.sty
\Urlmuskip=\muskip11
Package: url 2013/09/16  ver 3.4  Verb mode for urls, etc.
)
LaTeX Info: Redefining \url on input line 5115.
\XeTeXLinkMargin=\dimen139
\Fld@menulength=\count129
\Field@Width=\dimen140
\Fld@charsize=\dimen141
Package hyperref Info: Hyper figures OFF on input line 6369.
Package hyperref Info: Link nesting OFF on input line 6374.
Package hyperref Info: Hyper index ON on input line 6377.
Package hyperref Info: backreferencing OFF on input line 6384.
Package hyperref Info: Link coloring OFF on input line 6389.
Package hyperref Info: Link coloring with OCG OFF on input line 6394.
Package hyperref Info: PDF/A mode OFF on input line 6399.
LaTeX Info: Redefining \ref on input line 6439.
LaTeX Info: Redefining \pageref on input line 6443.
\Hy@abspage=\count130
\c@Item=\count131
\c@Hfootnote=\count132
)
Package hyperref Info: Driver (autodetected): hxetex.

(/usr/share/texlive/texmf-dist/tex/latex/hyperref/hxetex.def
File: hxetex.def 2018/02/06 v6.86b Hyperref driver for XeTeX

(/usr/share/texlive/texmf-dist/tex/latex/hyperref/puenc.def
File: puenc.def 2018/02/06 v6.86b Hyperref: PDF Unicode definition (HO)
)
(/usr/share/texlive/texmf-dist/tex/generic/oberdiek/stringenc.sty
Package: stringenc 2016/05/16 v1.11 Convert strings between diff. encodings (HO
)
)
\pdfm@box=\box34
\c@Hy@AnnotLevel=\count133
\HyField@AnnotCount=\count134
\Fld@listcount=\count135
\c@bookmark@seq@number=\count136

(/usr/share/texlive/texmf-dist/tex/latex/oberdiek/rerunfilecheck.sty
Package: rerunfilecheck 2016/05/16 v1.8 Rerun checks for auxiliary files (HO)
Package rerunfilecheck Info: Feature \pdfmdfivesum is not available
(rerunfilecheck)             (e.g. pdfTeX or LuaTeX with package `pdftexcmds').

(rerunfilecheck)             Therefore file contents cannot be checked efficien
tly
(rerunfilecheck)             and the loading of the package is aborted.
)
\Hy@SectionHShift=\skip61
)
(./Manuscript.aux

LaTeX Warning: Label `eq:1d' multiply defined.


LaTeX Warning: Label `eq:urho' multiply defined.


LaTeX Warning: Label `eq:Erho' multiply defined.


LaTeX Warning: Label `eq:sxxrho' multiply defined.


LaTeX Warning: Label `fig:case9' multiply defined.

)
\openout1 = `Manuscript.aux'.

LaTeX Font Info:    Checking defaults for OML/cmm/m/it on input line 27.
LaTeX Font Info:    ... okay on input line 27.
LaTeX Font Info:    Checking defaults for T1/cmr/m/n on input line 27.
LaTeX Font Info:    ... okay on input line 27.
LaTeX Font Info:    Checking defaults for OT1/cmr/m/n on input line 27.
LaTeX Font Info:    ... okay on input line 27.
LaTeX Font Info:    Checking defaults for OMS/cmsy/m/n on input line 27.
LaTeX Font Info:    ... okay on input line 27.
LaTeX Font Info:    Checking defaults for TU/lmr/m/n on input line 27.
LaTeX Font Info:    ... okay on input line 27.
LaTeX Font Info:    Checking defaults for OMX/cmex/m/n on input line 27.
LaTeX Font Info:    ... okay on input line 27.
LaTeX Font Info:    Checking defaults for U/cmr/m/n on input line 27.
LaTeX Font Info:    ... okay on input line 27.
LaTeX Font Info:    Checking defaults for PD1/pdf/m/n on input line 27.
LaTeX Font Info:    ... okay on input line 27.
LaTeX Font Info:    Checking defaults for PU/pdf/m/n on input line 27.
LaTeX Font Info:    ... okay on input line 27.
\c@lstlisting=\count137
\AtBeginShipoutBox=\box35
Package hyperref Info: Link coloring OFF on input line 27.
 (/usr/share/texlive/texmf-dist/tex/latex/hyperref/nameref.sty
Package: nameref 2016/05/21 v2.44 Cross-referencing by name of section

(/usr/share/texlive/texmf-dist/tex/generic/oberdiek/gettitlestring.sty
Package: gettitlestring 2016/05/16 v1.5 Cleanup title references (HO)
)
\c@section@level=\count138
)
LaTeX Info: Redefining \ref on input line 27.
LaTeX Info: Redefining \pageref on input line 27.
LaTeX Info: Redefining \nameref on input line 27.

(./Manuscript.out) (./Manuscript.out)
\@outlinefile=\write4
\openout4 = `Manuscript.out'.

LaTeX Font Info:    Try loading font information for U+msa on input line 48.

(/usr/share/texlive/texmf-dist/tex/latex/amsfonts/umsa.fd
File: umsa.fd 2013/01/14 v3.01 AMS symbols A
)
LaTeX Font Info:    Try loading font information for U+msb on input line 48.

(/usr/share/texlive/texmf-dist/tex/latex/amsfonts/umsb.fd
File: umsb.fd 2013/01/14 v3.01 AMS symbols B
)
LaTeX Font Info:    Try loading font information for U+rsfs on input line 48.

(/usr/share/texlive/texmf-dist/tex/latex/jknapltx/ursfs.fd
File: ursfs.fd 1998/03/24 rsfs font definition file (jk)
)
(/usr/share/texlive/texmf-dist/tex/generic/oberdiek/se-ascii-print.def
File: se-ascii-print.def 2016/05/16 v1.11 stringenc: Printable ASCII characters

)
[1


]

LaTeX Warning: Reference ` shyue2001fluid' on page 2 undefined on input line 63
.

[2] [3] [4] [5]
Overfull \hbox (21.2057pt too wide) detected at line 187
[]\OML/cmm/m/it/10 J\OT1/cmr/m/n/10 (\OML/cmm/m/it/10 Q\OT1/cmr/m/n/10 ) = [] \
OML/cmm/m/it/10 ;
 []


Overfull \hbox (0.85806pt too wide) detected at line 231
[]\OML/cmm/m/it/10 r[] \OT1/cmr/m/n/10 = [] \OML/cmm/m/it/10 ;  r[] \OT1/cmr/m/
n/10 = [] \OML/cmm/m/it/10 ;  r[] \OT1/cmr/m/n/10 = [] [] \OML/cmm/m/it/10 ;  r
[] \OT1/cmr/m/n/10 = [] [] \OML/cmm/m/it/10 ;
 []

[6]

Package hyperref Warning: Token not allowed in a PDF string (Unicode):
(hyperref)                removing `math shift' on input line 241.


Package hyperref Warning: Token not allowed in a PDF string (Unicode):
(hyperref)                removing `\rho' on input line 241.


Package hyperref Warning: Token not allowed in a PDF string (Unicode):
(hyperref)                removing `math shift' on input line 241.


Package hyperref Warning: Token not allowed in a PDF string (Unicode):
(hyperref)                removing `math shift' on input line 241.


Package hyperref Warning: Token not allowed in a PDF string (Unicode):
(hyperref)                removing `subscript' on input line 241.


Package hyperref Warning: Token not allowed in a PDF string (Unicode):
(hyperref)                removing `math shift' on input line 241.

[7] [8] [9] [10] [11] [12]

Package hyperref Warning: Token not allowed in a PDF string (Unicode):
(hyperref)                removing `\@ifnextchar' on input line 484.

! Argument of \@sect has an extra }.
<inserted text> 
                \par 
l.484 ...eAfterYielding.ipynb\#}{Code site link}}}
                                                  
? 
Runaway argument?
{\normalfont \normalsize \itshape }{\@xfootnote }\def \reserved@b {\stepcounter
 \ETC.
! Paragraph ended before \@sect was complete.
<to be read again> 
                   \par 
l.484 ...eAfterYielding.ipynb\#}{Code site link}}}
                                                  
? 

Overfull \hbox (2.70476pt too wide) detected at line 497
[]\OT1/cmr/bx/n/10 J[]\OT1/cmr/m/n/10 (\OT1/cmr/bx/n/10 U\OT1/cmr/m/n/10 ) = []
 \OML/cmm/m/it/10 :
 []

[13]

LaTeX Warning: Reference `sec:contact' on page 14 undefined on input line 544.

[14] [15]

Package hyperref Warning: Token not allowed in a PDF string (Unicode):
(hyperref)                removing `\@ifnextchar' on input line 608.

! Argument of \@sect has an extra }.
<inserted text> 
                \par 
l.608 ...eAfterYielding.ipynb\#}{Code site link}}}
                                                   \label{sec:riemann}
? 
Runaway argument?
{\normalsize \bfseries \boldmath }{\@xfootnote }\def \reserved@b {\stepcounter 
\ETC.
! Paragraph ended before \@sect was complete.
<to be read again> 
                   \par 
l.608 ...eAfterYielding.ipynb\#}{Code site link}}}
                                                   \label{sec:riemann}
? 
File: TikzFig/Tikz-figure0.eps Graphic file (type eps)
<TikzFig/Tikz-figure0.eps>
File: TikzFig/Tikz-figure1.eps Graphic file (type eps)
<TikzFig/Tikz-figure1.eps>
File: TikzFig/Tikz-figure2.eps Graphic file (type eps)
<TikzFig/Tikz-figure2.eps>
File: TikzFig/Tikz-figure3.eps Graphic file (type eps)
<TikzFig/Tikz-figure3.eps>
File: TikzFig/Tikz-figure4.eps Graphic file (type eps)
<TikzFig/Tikz-figure4.eps>
File: TikzFig/Tikz-figure5.eps Graphic file (type eps)
<TikzFig/Tikz-figure5.eps>

Underfull \hbox (badness 1077) in paragraph at lines 633--633
[]\TU/lmr/m/n/8 (f) Both elastic and plastic
 []

[16]
File: TikzFig/Tikz-figure6.eps Graphic file (type eps)
<TikzFig/Tikz-figure6.eps>
 [17]

! LaTeX Error: Lonely \item--perhaps a missing list environment.

See the LaTeX manual or LaTeX Companion for explanation.
Type  H <return>  for immediate help.
 ...                                              
                                                  
l.685 \end
          {enumerate}
? 

Underfull \hbox (badness 10000) detected at line 685
[][]
 []


! LaTeX Error: \begin{document} ended by \end{enumerate}.

See the LaTeX manual or LaTeX Companion for explanation.
Type  H <return>  for immediate help.
 ...                                              
                                                  
l.685 \end{enumerate}
                     
? 
! Extra \endgroup.
<recently read> \endgroup 
                          
l.685 \end{enumerate}
                     
? 

Overfull \hbox (8.5187pt too wide) detected at line 733
[][] \OT1/cmr/m/n/10 = []\OML/cmm/m/it/10 ;  [] \OT1/cmr/m/n/10 = []\OML/cmm/m/
it/10 ;
 []

[18]
File: TikzFig/Tikz-figure7.eps Graphic file (type eps)
<TikzFig/Tikz-figure7.eps>
 [19]

Package hyperref Warning: Token not allowed in a PDF string (Unicode):
(hyperref)                removing `math shift' on input line 819.


Package hyperref Warning: Token not allowed in a PDF string (Unicode):
(hyperref)                removing `subscript' on input line 819.


Package hyperref Warning: Token not allowed in a PDF string (Unicode):
(hyperref)                removing `math shift' on input line 819.

[20] [21]

Package hyperref Warning: Token not allowed in a PDF string (Unicode):
(hyperref)                removing `math shift' on input line 900.


Package hyperref Warning: Token not allowed in a PDF string (Unicode):
(hyperref)                removing `subscript' on input line 900.


Package hyperref Warning: Token not allowed in a PDF string (Unicode):
(hyperref)                removing `superscript' on input line 900.


Package hyperref Warning: Token not allowed in a PDF string (Unicode):
(hyperref)                removing `math shift' on input line 900.

[22] [23]
File: TikzFig/Tikz-figure8.eps Graphic file (type eps)
<TikzFig/Tikz-figure8.eps>
 [24]

Package hyperref Warning: Token not allowed in a PDF string (Unicode):
(hyperref)                removing `math shift' on input line 1138.


Package hyperref Warning: Token not allowed in a PDF string (Unicode):
(hyperref)                removing `math shift' on input line 1138.


Package hyperref Warning: Token not allowed in a PDF string (Unicode):
(hyperref)                removing `math shift' on input line 1138.


Package hyperref Warning: Token not allowed in a PDF string (Unicode):
(hyperref)                removing `superscript' on input line 1138.


Package hyperref Warning: Token not allowed in a PDF string (Unicode):
(hyperref)                removing `math shift' on input line 1138.

File: TikzFig/Tikz-figure9.eps Graphic file (type eps)
<TikzFig/Tikz-figure9.eps>
[25]

Package hyperref Warning: Token not allowed in a PDF string (Unicode):
(hyperref)                removing `math shift' on input line 1189.


Package hyperref Warning: Token not allowed in a PDF string (Unicode):
(hyperref)                removing `superscript' on input line 1189.


Package hyperref Warning: Token not allowed in a PDF string (Unicode):
(hyperref)                removing `math shift' on input line 1189.

[26]
Overfull \hbox (5.0228pt too wide) in paragraph at lines 1202--1204
\OT1/cmr/m/n/10 10[][])$ \TU/lmr/m/n/10 and $\OT1/cmr/m/n/10 (\OML/cmm/m/it/10 
^^Z[]; a[]; \OT1/cmr/m/n/10 ^^@[]\OML/cmm/m/it/10 ; s; ^^V\OT1/cmr/m/n/10 )[] =
 (2785[]\OML/cmm/m/it/10 =[][]; \OT1/cmr/m/n/10 5328[]\OML/cmm/m/it/10 =[]; \OT
1/cmr/m/n/10 2\OML/cmm/m/it/10 ; \OT1/cmr/m/n/10 1\OML/cmm/m/it/10 :\OT1/cmr/m/
n/10 338\OML/cmm/m/it/10 ; \OT1/cmr/m/n/10 4\OML/cmm/m/it/10 :\OT1/cmr/m/n/10 5
 \OMS/cmsy/m/n/10 ^^B \OT1/cmr/m/n/10 10[][])$\TU/lmr/m/n/10 ,
 []

File: Picture/case1rho.pdf Graphic file (type pdf)
<use Picture/case1rho.pdf>
File: Picture/case1u.pdf Graphic file (type pdf)
<use Picture/case1u.pdf>
File: Picture/case1p.pdf Graphic file (type pdf)
<use Picture/case1p.pdf>
File: Picture/case1sigma.pdf Graphic file (type pdf)
<use Picture/case1sigma.pdf>
[27]
File: Picture/case2rho.pdf Graphic file (type pdf)
<use Picture/case2rho.pdf>
File: Picture/case2u.pdf Graphic file (type pdf)
<use Picture/case2u.pdf>
File: Picture/case2p.pdf Graphic file (type pdf)
<use Picture/case2p.pdf>
File: Picture/case2sxx.pdf Graphic file (type pdf)
<use Picture/case2sxx.pdf>
 [28]
File: Picture/case4rho.pdf Graphic file (type pdf)
<use Picture/case4rho.pdf>
File: Picture/case4u.pdf Graphic file (type pdf)
<use Picture/case4u.pdf>
File: Picture/case4p.pdf Graphic file (type pdf)
<use Picture/case4p.pdf>
File: Picture/case4sxx.pdf Graphic file (type pdf)
<use Picture/case4sxx.pdf>
File: Picture/case3rho.pdf Graphic file (type pdf)
<use Picture/case3rho.pdf>
File: Picture/case3u.pdf Graphic file (type pdf)
<use Picture/case3u.pdf>
File: Picture/case3p.pdf Graphic file (type pdf)
<use Picture/case3p.pdf>
File: Picture/case3sxx.pdf Graphic file (type pdf)
<use Picture/case3sxx.pdf>
 [29] [30]
Overfull \hbox (16.97865pt too wide) detected at line 1300
[] []
 []

File: Picture/case5rho.pdf Graphic file (type pdf)
<use Picture/case5rho.pdf>
File: Picture/case5u.pdf Graphic file (type pdf)
<use Picture/case5u.pdf>
File: Picture/case5p.pdf Graphic file (type pdf)
<use Picture/case5p.pdf>
File: Picture/case5sxx.pdf Graphic file (type pdf)
<use Picture/case5sxx.pdf>
[31]
File: Picture/case9rho.pdf Graphic file (type pdf)
<use Picture/case9rho.pdf>
File: Picture/case9u.pdf Graphic file (type pdf)
<use Picture/case9u.pdf>
File: Picture/case9p.pdf Graphic file (type pdf)
<use Picture/case9p.pdf>
File: Picture/case9sxx.pdf Graphic file (type pdf)
<use Picture/case9sxx.pdf>
 [32]
File: Picture/case6rho.pdf Graphic file (type pdf)
<use Picture/case6rho.pdf>
File: Picture/case6u.pdf Graphic file (type pdf)
<use Picture/case6u.pdf>
File: Picture/case6p.pdf Graphic file (type pdf)
<use Picture/case6p.pdf>
File: Picture/case6sigma.pdf Graphic file (type pdf)
<use Picture/case6sigma.pdf>

Overfull \hbox (10.95647pt too wide) detected at line 1369
[] []
 []

File: Picture/case8rho.pdf Graphic file (type pdf)
<use Picture/case8rho.pdf>
File: Picture/case8u.pdf Graphic file (type pdf)
<use Picture/case8u.pdf>
File: Picture/case8p.pdf Graphic file (type pdf)
<use Picture/case8p.pdf>
File: Picture/case8sigma.pdf Graphic file (type pdf)
<use Picture/case8sigma.pdf>
[33]
File: Picture/case10rho.pdf Graphic file (type pdf)
<use Picture/case10rho.pdf>
File: Picture/case10u.pdf Graphic file (type pdf)
<use Picture/case10u.pdf>
File: Picture/case10p.pdf Graphic file (type pdf)
<use Picture/case10p.pdf>
File: Picture/case10sxx.pdf Graphic file (type pdf)
<use Picture/case10sxx.pdf>
File: Picture/case11rho.pdf Graphic file (type pdf)
<use Picture/case11rho.pdf>
File: Picture/case11u.pdf Graphic file (type pdf)
<use Picture/case11u.pdf>
File: Picture/case11p.pdf Graphic file (type pdf)
<use Picture/case11p.pdf>
File: Picture/case11sigma.pdf Graphic file (type pdf)
<use Picture/case11sigma.pdf>
 [34] (./Manuscript.bbl [35] [36]) [37]
Package atveryend Info: Empty hook `BeforeClearDocument' on input line 1479.
Package atveryend Info: Empty hook `AfterLastShipout' on input line 1479.
 (./Manuscript.aux)
Package atveryend Info: Empty hook `AtVeryEndDocument' on input line 1479.
Package atveryend Info: Empty hook `AtEndAfterFileList' on input line 1479.


LaTeX Warning: There were undefined references.


LaTeX Warning: There were multiply-defined labels.

Package atveryend Info: Empty hook `AtVeryVeryEnd' on input line 1479.
 ) 
Here is how much of TeX's memory you used:
 11507 strings out of 494558
 160214 string characters out of 6167440
 247183 words of memory out of 5000000
 15176 multiletter control sequences out of 15000+600000
 14999 words of font info for 67 fonts, out of 8000000 for 9000
 264 hyphenation exceptions out of 8191
 32i,17n,45p,1634b,457s stack positions out of 5000i,500n,10000p,200000b,80000s

Output written on Manuscript.pdf (37 pages).
